2025-06-03 21:48:11,690 - INFO - Framework inizializzato. Output in: /Users/tommaso/Desktop/tesi-inflation-gt/SARIMAX_modelli/previsioni_out_of_sample_v3_avanzata
2025-06-03 21:48:11,691 - INFO - >>> INIZIO ANALISI OUT-OF-SAMPLE AVANZATA <<<
2025-06-03 21:48:11,691 - INFO - === Fase 1: Caricamento e Preparazione Dati ===
2025-06-03 21:48:11,716 - INFO - Target 'NIC_destag_ISTAT_diff1' preparato: 251 osservazioni
2025-06-03 21:48:11,721 - INFO - Preparazione dati completata con successo
2025-06-03 21:48:11,721 - INFO - === Fase 2: Generazione Previsioni OOS (Schema: rolling) ===
2025-06-03 21:48:11,722 - INFO - Processando modello: Modello_Base_Outliers
2025-06-03 21:48:11,723 - INFO -   Modello_Base_Outliers: 60 iterazioni previste
2025-06-03 21:48:13,893 - INFO -   Previsioni generate per Modello_Base_Outliers
2025-06-03 21:48:13,894 - INFO - Processando modello: Modello_Aug_GT_Tematico_lag1
2025-06-03 21:48:13,896 - INFO -   Modello_Aug_GT_Tematico_lag1: 59 iterazioni previste
2025-06-03 21:48:16,126 - INFO -   Previsioni generate per Modello_Aug_GT_Tematico_lag1
2025-06-03 21:48:16,126 - INFO - Processando modello: Modello_Aug_GT_Infl_lag3
2025-06-03 21:48:16,127 - INFO -   Modello_Aug_GT_Infl_lag3: 57 iterazioni previste
2025-06-03 21:48:18,352 - INFO -   Previsioni generate per Modello_Aug_GT_Infl_lag3
2025-06-03 21:48:18,353 - INFO - Processando modello: Modello_Aug_Entrambi_GT
2025-06-03 21:48:18,354 - INFO -   Modello_Aug_Entrambi_GT: 57 iterazioni previste
2025-06-03 21:48:20,810 - INFO -   Previsioni generate per Modello_Aug_Entrambi_GT
2025-06-03 21:48:20,810 - INFO - Previsioni generate per 4 modelli
2025-06-03 21:48:20,811 - INFO - === Fase 3: Calcolo Metriche di Accuratezza OOS ===
2025-06-03 21:48:20,823 - INFO - Metriche salvate: /Users/tommaso/Desktop/tesi-inflation-gt/SARIMAX_modelli/previsioni_out_of_sample_v3_avanzata/metriche_accuratezza_oos_rolling.csv
2025-06-03 21:48:20,834 - INFO - Tabella metriche:
                             MAE_OOS                         RMSE_OOS          \
Orizzonte_h                       1       3       6       12       1       3    
Modello                                                                         
Modello_Aug_Entrambi_GT       0.0587  0.0817  0.1604  0.0392   0.0589  0.0819   
Modello_Aug_GT_Infl_lag3      0.0575  0.0749  0.1594  0.0520   0.0577  0.0751   
Modello_Aug_GT_Tematico_lag1  0.2753  0.0352  0.3601  0.1055   0.2754  0.0360   
Modello_Base_Outliers         0.0691  0.1706  0.0274  0.0764   0.0698  0.1709   

                                              
Orizzonte_h                       6       12  
Modello                                       
Modello_Aug_Entrambi_GT       0.1606  0.0413  
Modello_Aug_GT_Infl_lag3      0.1596  0.0530  
Modello_Aug_GT_Tematico_lag1  0.3602  0.1059  
Modello_Base_Outliers         0.0288  0.0769  
2025-06-03 21:48:20,835 - INFO - === Fase 4: Test Avanzati di Confronto Previsioni ===
2025-06-03 21:48:20,835 - INFO - Orizzonte di previsione h=1:
2025-06-03 21:48:20,836 - ERROR - Errore critico nell'analisi: cannot reindex on an axis with duplicate labels
2025-06-03 21:48:20,836 - ERROR - Analisi fallita
2025-06-03 21:48:20,837 - INFO - Script terminato
